
**** Build of configuration Debug for project Chat ****

make all 
Building file: ../Server.c
Invoking: GCC C Compiler
gcc `pkg-config --cflags --libs gtk+-2.0` -O0 -g3 -Wall -c -fmessage-length=0 -MMD -MP -MF"Server.d" -MT"Server.d" -o"Server.o" "../Server.c"
In file included from ../Server.c:12:
../listas.h: In function ‘lborraractual’:
../listas.h:194: warning: unused variable ‘t’
../Server.c: In function ‘server’:
../Server.c:118: warning: pointer targets in passing argument 3 of ‘accept’ differ in signedness
/usr/include/sys/socket.h:214: note: expected ‘socklen_t * __restrict__’ but argument is of type ‘int *’
../Server.c:122: warning: passing argument 2 of ‘signal’ from incompatible pointer type
/usr/include/signal.h:101: note: expected ‘__sighandler_t’ but argument is of type ‘int (*)(int)’
../Server.c: In function ‘cant_proc’:
../Server.c:175: warning: passing argument 3 of ‘pthread_create’ from incompatible pointer type
/usr/include/pthread.h:227: note: expected ‘void * (*)(void *)’ but argument is of type ‘void (*)()’
../Server.c: In function ‘proc_handler’:
../Server.c:205: warning: implicit declaration of function ‘wait’
../Server.c: In function ‘pantalla’:
../Server.c:386: warning: ‘return’ with a value, in function returning void
../Server.c:397: warning: ‘return’ with a value, in function returning void
../Server.c:279: warning: unused variable ‘n’
../Server.c:271: warning: unused variable ‘end_mark’
../Server.c:270: warning: unused variable ‘iter’
Finished building: ../Server.c
 
Building target: Chat
Invoking: GCC C Linker
gcc `pkg-config --cflags --libs gtk+-2.0`  -o"Chat"  ./Server.o   -lpthread
../Server.c: In function ‘proc_handler’:
../Server.c:239: warning: control reaches end of non-void function
../Server.c: At top level:
../Server.c:48: warning: ‘evento_conexion’ declared ‘static’ but never defined
Finished building target: Chat
 
